<?xml version="1.0" encoding="UTF-8"?>
<!-- Generated by org.testng.reporters.JUnitXMLReporter -->
<testsuite ignored="0" hostname="Liz" failures="1" tests="4" name="Gradle test" time="4.332" errors="0" timestamp="2021-11-05T21:36:28 ART">
  <testcase classname="Books" name="booksSchemaIsValid" time="0.013">
    <failure type="groovy.lang.GroovyRuntimeException" message="Ambiguous method overloading for method java.io.File#&amp;lt;init&amp;gt;.
Cannot resolve which method to invoke for [null] due to overlapping prototypes between:
	[class java.net.URI]
	[class java.lang.String]">
      <![CDATA[groovy.lang.GroovyRuntimeException: Ambiguous method overloading for method java.io.File#<init>.
Cannot resolve which method to invoke for [null] due to overlapping prototypes between:
[class java.net.URI]
[class java.lang.String]
at groovy.lang.MetaClassImpl.doChooseMostSpecificParams(MetaClassImpl.java:3354)
at groovy.lang.MetaClassImpl.chooseMostSpecificParams(MetaClassImpl.java:3330)
at groovy.lang.MetaClassImpl.chooseMethodInternal(MetaClassImpl.java:3320)
at groovy.lang.MetaClassImpl.chooseMethod(MetaClassImpl.java:3264)
at groovy.lang.MetaClassImpl.createConstructorSite(MetaClassImpl.java:3566)
at org.codehaus.groovy.runtime.callsite.CallSiteArray.createCallConstructorSite(CallSiteArray.java:85)
at org.codehaus.groovy.runtime.callsite.CallSiteArray.defaultCallConstructor(CallSiteArray.java:59)
at org.codehaus.groovy.runtime.callsite.AbstractCallSite.callConstructor(AbstractCallSite.java:263)
at org.codehaus.groovy.runtime.callsite.AbstractCallSite.callConstructor(AbstractCallSite.java:277)
at Books.booksSchemaIsValid(Books.groovy:20)
at java.base/java.util.ArrayList.forEach(ArrayList.java:1541)
at java.base/java.util.concurrent.FutureTask.run(FutureTask.java:264)
at java.base/java.util.concurrent.ThreadPoolExecutor.runWorker(ThreadPoolExecutor.java:1128)
at java.base/java.util.concurrent.ThreadPoolExecutor$Worker.run(ThreadPoolExecutor.java:628)
at java.base/java.lang.Thread.run(Thread.java:829)
... Removed 18 stack frames]]>
    </failure>
  </testcase> <!-- booksSchemaIsValid -->
  <testcase classname="Books" name="createAndDeletebook" time="2.391"/>
  <testcase classname="Books" name="deleteNonExistentBook_FailMessage" time="0.393"/>
  <testcase classname="Books" name="getBooksList" time="0.867"/>
</testsuite> <!-- Gradle test -->
